<optimisation method="infinity">
<!--- pmf missing file name--->
<task type="UserQoSCR" name="task3">
  <period>150</period>
  <serverPeriod>50</serverPeriod>
  <serverBudget>5</serverBudget>
  <pmf type="file">
  </pmf>
</task>
</optimisation>
