<optimisation method="infinity">
<!--- Task type not registered --->
<task type="linear" name="task1">
  
</task>
</optimisation>
