<optimisation method="infinity">
<!--- Step size illegal --->
<task type="UserQoSCR" name="task3">
  <period>150</period>
  <serverPeriod>50</serverPeriod>
  <serverBudget>5</serverBudget>
  <pmf type="uniform">
    <cmin>10</cmin>
    <cmax>20</cmax>
    <step>3</step>
    <size>10000</size>
  </pmf>
</task>
</optimisation>
