<optimisation>
<!-- Missing optimisation method -->

</optimisation>
