<optimisation method="infinity">
<!--- This one is ok  --->
<task type="UserQoSCR" name="task3">
  <period>180</period>
  <serverPeriod>50</serverPeriod>
  <serverBudget>5</serverBudget>
  <pmf type="beta">
    <cmin>10</cmin>
    <cmax>90</cmax>
    <a>1.5</a>
    <b>5.1</b>
    <step>2</step>
    <size>10000</size>
  </pmf>
  <qosfun type="linear">
    <pmin>0.01</pmin>
    <pmax>0.95</pmax>
    <scale>0.5</scale>
  </qosfun>
  <QoSMax>
    0.50
  </QoSMax>
  <QoSMin>
    0.1
  </QoSMin>
</task>
<task type="UserQoSCR" name="task4">
  <period>220</period>
  <serverPeriod>50</serverPeriod>
  <serverBudget>5</serverBudget>
<pmf type="beta">
  <cmin>10</cmin>
  <cmax>90</cmax>
  <step>2</step>
  <a>1.5</a>
  <b>4.1</b>
  <size>10000</size>
  </pmf>
  <qosfun type="linear">
    <pmin>0.01</pmin>
    <pmax>0.85</pmax>
    <scale>0.5</scale>
  </qosfun>
    <QoSMax>
    0.5
  </QoSMax>
  <QoSMin>
    0.1
  </QoSMin>
</task>
</optimisation>
