<optimisation method="infinity">
<!--- Task name missing --->
<task type="linear">
</task>
</optimisation>
