<optimisation method="infinity">
<!--- Task section missing --->
</optimisation>
